#NEXUS 

Begin trees;  [Treefile saved Fri Jul 12 00:20:31 2024]
[!
>Data file = phareta_fidei_10.nex
>Heuristic search settings:
>  Optimality criterion = distance (unweighted least squares (power=0))
>    Negative branch lengths allowed, but set to zero for tree-score calculation
>    Distance measure = mean character difference
>    All characters have equal weight
>  Starting tree(s) obtained via neighbor-joining
>  Branch-swapping algorithm: tree-bisection-reconnection (TBR) with reconnection limit = 8
>    Steepest descent option not in effect
>  Initial 'Maxtrees' setting = 100
>  Zero-length branches not collapsed
>  'MulTrees' option in effect
>  No topological constraints in effect
>  Trees are unrooted
>
>Heuristic search completed
>  Total number of rearrangements tried = 290
>  Score of best tree(s) found = 0.00215 (%SD=7.66153, g%SD=7.90479[k=17])
>  Number of trees retained = 1
>  Time used = 0.00 sec (CPU time = 0.00 sec)
]
tree 'PAUP_1' = [&U] (Brno_Rokycany,((((Erfurt_Erfurt_13331400,(Rome_Wien,Rouen)),Wien_Lilienveld),Graz_Seckau),(Klosterneuburg_Krems,Kremsmunste_SteinbeiKrems)),(Munich_Raitenbuch,Wien_Essingen));
End;
