#NEXUS 

Begin trees;  [Treefile saved Fri Jul 12 01:07:00 2024]
[!
>Data file = phareta_fidei_28.nex
>Heuristic search settings:
>  Optimality criterion = parsimony
>    Character-status summary:
>      Of 639 total characters:
>        All characters are of type 'unord'
>        All characters have equal weight
>        354 characters are constant (proportion = 0.553991)
>        142 variable characters are parsimony-uninformative
>        Number of parsimony-informative characters = 143
>    Gaps are treated as "missing"
>  Starting tree(s) obtained via stepwise addition
>    Addition sequence: simple (reference taxon = Bamberg Bamberg)
>    Number of trees held at each step = 1
>  Branch-swapping algorithm: tree-bisection-reconnection (TBR) with reconnection limit = 8
>    Steepest descent option not in effect
>  Initial 'Maxtrees' setting = 100
>  Branches collapsed (creating polytomies) if maximum branch length is zero
>  'MulTrees' option in effect
>  No topological constraints in effect
>  Trees are unrooted
>
>Heuristic search completed
>  Total number of rearrangements tried = 73770
>  Score of best tree(s) found = 764
>  Number of trees retained = 12
>  Time used = 0.02 sec (CPU time = 0.01 sec)
]
tree 'PAUP_1' = [&U] (Bamberg_Bamberg,(((((Berlin_Sulczmatt,Graz_Murz),Mainz_Mainz),(Graz_Seckau,(Trier_Trier_211v_228r,Wien_Essingen))),((((Berlin_Trier,(London_Koln,Trier_Trier_78r95v)),((Erfurt_Erfurt_13331400,Erfurt_Erfurt_1401),Koln_Koln)),((Madrid_Zaragoza,Rome_Wien),Rouen)),(Wien_812,Wien_Lilienveld))),((((Brno_Rokycany,Klosterneuburg_Krems),Kremsmunster_SteinbeiKrems),Wien_Wien),Munich_Raitenbuch)),(((CeskeBudejovice,Prage_XB11),(Prague_IB7,Wien_4396)),Seitenstetten));
tree 'PAUP_2' = [&U] (Bamberg_Bamberg,(((((Berlin_Sulczmatt,Graz_Murz),Mainz_Mainz),(Graz_Seckau,(Trier_Trier_211v_228r,Wien_Essingen))),((((Berlin_Trier,(London_Koln,Trier_Trier_78r95v)),((Erfurt_Erfurt_13331400,Erfurt_Erfurt_1401),Koln_Koln)),((Madrid_Zaragoza,Rome_Wien),Rouen)),(Wien_812,Wien_Lilienveld))),((((Brno_Rokycany,Klosterneuburg_Krems),Wien_Wien),Kremsmunster_SteinbeiKrems),Munich_Raitenbuch)),(((CeskeBudejovice,Prage_XB11),(Prague_IB7,Wien_4396)),Seitenstetten));
tree 'PAUP_3' = [&U] (Bamberg_Bamberg,((((((Berlin_Sulczmatt,Graz_Murz),Mainz_Mainz),(Graz_Seckau,(Trier_Trier_211v_228r,Wien_Essingen))),(((Berlin_Trier,(London_Koln,Trier_Trier_78r95v)),((Erfurt_Erfurt_13331400,Erfurt_Erfurt_1401),Koln_Koln)),((Madrid_Zaragoza,Rome_Wien),Rouen))),(Wien_812,Wien_Lilienveld)),((((Brno_Rokycany,Klosterneuburg_Krems),Kremsmunster_SteinbeiKrems),Wien_Wien),Munich_Raitenbuch)),(((CeskeBudejovice,Prage_XB11),(Prague_IB7,Wien_4396)),Seitenstetten));
tree 'PAUP_4' = [&U] (Bamberg_Bamberg,(((((Berlin_Sulczmatt,Graz_Murz),Mainz_Mainz),(Graz_Seckau,(Trier_Trier_211v_228r,Wien_Essingen))),((((Berlin_Trier,(London_Koln,Trier_Trier_78r95v)),((Erfurt_Erfurt_13331400,Erfurt_Erfurt_1401),Koln_Koln)),((Madrid_Zaragoza,Rome_Wien),Rouen)),(Wien_812,Wien_Lilienveld))),((((Brno_Rokycany,Klosterneuburg_Krems),Kremsmunster_SteinbeiKrems),Wien_Wien),Munich_Raitenbuch)),((CeskeBudejovice,Prage_XB11),((Prague_IB7,Wien_4396),Seitenstetten)));
tree 'PAUP_5' = [&U] (Bamberg_Bamberg,(((((Berlin_Sulczmatt,Graz_Murz),Mainz_Mainz),(Graz_Seckau,(Trier_Trier_211v_228r,Wien_Essingen))),((((Berlin_Trier,(London_Koln,Trier_Trier_78r95v)),((Erfurt_Erfurt_13331400,Erfurt_Erfurt_1401),Koln_Koln)),((Madrid_Zaragoza,Rome_Wien),Rouen)),(Wien_812,Wien_Lilienveld))),((((Brno_Rokycany,Klosterneuburg_Krems),Kremsmunster_SteinbeiKrems),Wien_Wien),Munich_Raitenbuch)),((((CeskeBudejovice,Prage_XB11),Prague_IB7),Seitenstetten),Wien_4396));
tree 'PAUP_6' = [&U] (Bamberg_Bamberg,((((((Berlin_Sulczmatt,Graz_Murz),Mainz_Mainz),(Graz_Seckau,(Trier_Trier_211v_228r,Wien_Essingen))),(((Berlin_Trier,(London_Koln,Trier_Trier_78r95v)),((Erfurt_Erfurt_13331400,Erfurt_Erfurt_1401),Koln_Koln)),((Madrid_Zaragoza,Rome_Wien),Rouen))),(Wien_812,Wien_Lilienveld)),((((Brno_Rokycany,Klosterneuburg_Krems),Wien_Wien),Kremsmunster_SteinbeiKrems),Munich_Raitenbuch)),(((CeskeBudejovice,Prage_XB11),(Prague_IB7,Wien_4396)),Seitenstetten));
tree 'PAUP_7' = [&U] (Bamberg_Bamberg,(((((Berlin_Sulczmatt,Graz_Murz),Mainz_Mainz),(Graz_Seckau,(Trier_Trier_211v_228r,Wien_Essingen))),((((Berlin_Trier,(London_Koln,Trier_Trier_78r95v)),((Erfurt_Erfurt_13331400,Erfurt_Erfurt_1401),Koln_Koln)),((Madrid_Zaragoza,Rome_Wien),Rouen)),(Wien_812,Wien_Lilienveld))),((((Brno_Rokycany,Klosterneuburg_Krems),Wien_Wien),Kremsmunster_SteinbeiKrems),Munich_Raitenbuch)),((CeskeBudejovice,Prage_XB11),((Prague_IB7,Wien_4396),Seitenstetten)));
tree 'PAUP_8' = [&U] (Bamberg_Bamberg,(((((Berlin_Sulczmatt,Graz_Murz),Mainz_Mainz),(Graz_Seckau,(Trier_Trier_211v_228r,Wien_Essingen))),((((Berlin_Trier,(London_Koln,Trier_Trier_78r95v)),((Erfurt_Erfurt_13331400,Erfurt_Erfurt_1401),Koln_Koln)),((Madrid_Zaragoza,Rome_Wien),Rouen)),(Wien_812,Wien_Lilienveld))),((((Brno_Rokycany,Klosterneuburg_Krems),Wien_Wien),Kremsmunster_SteinbeiKrems),Munich_Raitenbuch)),((((CeskeBudejovice,Prage_XB11),Prague_IB7),Seitenstetten),Wien_4396));
tree 'PAUP_9' = [&U] (Bamberg_Bamberg,((((((Berlin_Sulczmatt,Graz_Murz),Mainz_Mainz),(Graz_Seckau,(Trier_Trier_211v_228r,Wien_Essingen))),(((Berlin_Trier,(London_Koln,Trier_Trier_78r95v)),((Erfurt_Erfurt_13331400,Erfurt_Erfurt_1401),Koln_Koln)),((Madrid_Zaragoza,Rome_Wien),Rouen))),(Wien_812,Wien_Lilienveld)),((((Brno_Rokycany,Klosterneuburg_Krems),Kremsmunster_SteinbeiKrems),Wien_Wien),Munich_Raitenbuch)),((CeskeBudejovice,Prage_XB11),((Prague_IB7,Wien_4396),Seitenstetten)));
tree 'PAUP_10' = [&U] (Bamberg_Bamberg,((((((Berlin_Sulczmatt,Graz_Murz),Mainz_Mainz),(Graz_Seckau,(Trier_Trier_211v_228r,Wien_Essingen))),(((Berlin_Trier,(London_Koln,Trier_Trier_78r95v)),((Erfurt_Erfurt_13331400,Erfurt_Erfurt_1401),Koln_Koln)),((Madrid_Zaragoza,Rome_Wien),Rouen))),(Wien_812,Wien_Lilienveld)),((((Brno_Rokycany,Klosterneuburg_Krems),Kremsmunster_SteinbeiKrems),Wien_Wien),Munich_Raitenbuch)),((((CeskeBudejovice,Prage_XB11),Prague_IB7),Seitenstetten),Wien_4396));
tree 'PAUP_11' = [&U] (Bamberg_Bamberg,((((((Berlin_Sulczmatt,Graz_Murz),Mainz_Mainz),(Graz_Seckau,(Trier_Trier_211v_228r,Wien_Essingen))),(((Berlin_Trier,(London_Koln,Trier_Trier_78r95v)),((Erfurt_Erfurt_13331400,Erfurt_Erfurt_1401),Koln_Koln)),((Madrid_Zaragoza,Rome_Wien),Rouen))),(Wien_812,Wien_Lilienveld)),((((Brno_Rokycany,Klosterneuburg_Krems),Wien_Wien),Kremsmunster_SteinbeiKrems),Munich_Raitenbuch)),((CeskeBudejovice,Prage_XB11),((Prague_IB7,Wien_4396),Seitenstetten)));
tree 'PAUP_12' = [&U] (Bamberg_Bamberg,((((((Berlin_Sulczmatt,Graz_Murz),Mainz_Mainz),(Graz_Seckau,(Trier_Trier_211v_228r,Wien_Essingen))),(((Berlin_Trier,(London_Koln,Trier_Trier_78r95v)),((Erfurt_Erfurt_13331400,Erfurt_Erfurt_1401),Koln_Koln)),((Madrid_Zaragoza,Rome_Wien),Rouen))),(Wien_812,Wien_Lilienveld)),((((Brno_Rokycany,Klosterneuburg_Krems),Wien_Wien),Kremsmunster_SteinbeiKrems),Munich_Raitenbuch)),((((CeskeBudejovice,Prage_XB11),Prague_IB7),Seitenstetten),Wien_4396));
End;
