#NEXUS 

Begin trees;  [Treefile saved Fri Jul 12 00:19:33 2024]
[!
>Data file = phareta_fidei_10.nex
>Heuristic search settings:
>  Optimality criterion = parsimony
>    Character-status summary:
>      Of 233 total characters:
>        All characters are of type 'unord'
>        All characters have equal weight
>        155 characters are constant (proportion = 0.665236)
>        55 variable characters are parsimony-uninformative
>        Number of parsimony-informative characters = 23
>    Gaps are treated as "missing"
>  Starting tree(s) obtained via stepwise addition
>    Addition sequence: simple (reference taxon = Brno Rokycany)
>    Number of trees held at each step = 1
>  Branch-swapping algorithm: tree-bisection-reconnection (TBR) with reconnection limit = 8
>    Steepest descent option not in effect
>  Initial 'Maxtrees' setting = 100
>  Branches collapsed (creating polytomies) if maximum branch length is zero
>  'MulTrees' option in effect
>  No topological constraints in effect
>  Trees are unrooted
>
>Heuristic search completed
>  Total number of rearrangements tried = 2318
>  Score of best tree(s) found = 129
>  Number of trees retained = 8
>  Time used = 0.02 sec (CPU time = 0.00 sec)
]
tree 'PAUP_1' = [&U] (Brno_Rokycany,((((Erfurt_Erfurt_13331400,(Rome_Wien,Rouen)),(Graz_Seckau,Wien_Lilienveld)),(Klosterneuburg_Krems,Kremsmunste_SteinbeiKrems)),Wien_Essingen),Munich_Raitenbuch);
tree 'PAUP_2' = [&U] (Brno_Rokycany,((((((Erfurt_Erfurt_13331400,Rome_Wien),Rouen),Wien_Lilienveld),Graz_Seckau),(Klosterneuburg_Krems,Kremsmunste_SteinbeiKrems)),Wien_Essingen),Munich_Raitenbuch);
tree 'PAUP_3' = [&U] (Brno_Rokycany,((((((Erfurt_Erfurt_13331400,Rome_Wien),Rouen),Graz_Seckau),Wien_Lilienveld),(Klosterneuburg_Krems,Kremsmunste_SteinbeiKrems)),Wien_Essingen),Munich_Raitenbuch);
tree 'PAUP_4' = [&U] (Brno_Rokycany,(((((Erfurt_Erfurt_13331400,(Rome_Wien,Rouen)),Wien_Lilienveld),Graz_Seckau),(Klosterneuburg_Krems,Kremsmunste_SteinbeiKrems)),Wien_Essingen),Munich_Raitenbuch);
tree 'PAUP_5' = [&U] (Brno_Rokycany,(((((Erfurt_Erfurt_13331400,(Rome_Wien,Rouen)),Graz_Seckau),Wien_Lilienveld),(Klosterneuburg_Krems,Kremsmunste_SteinbeiKrems)),Wien_Essingen),Munich_Raitenbuch);
tree 'PAUP_6' = [&U] (Brno_Rokycany,(((((Erfurt_Erfurt_13331400,Rome_Wien),Rouen),(Graz_Seckau,Wien_Lilienveld)),(Klosterneuburg_Krems,Kremsmunste_SteinbeiKrems)),Wien_Essingen),Munich_Raitenbuch);
tree 'PAUP_7' = [&U] (Brno_Rokycany,((((((Erfurt_Erfurt_13331400,Rome_Wien),Rouen),Wien_Lilienveld),Graz_Seckau),(Klosterneuburg_Krems,Kremsmunste_SteinbeiKrems)),Munich_Raitenbuch),Wien_Essingen);
tree 'PAUP_8' = [&U] (Brno_Rokycany,(((((Erfurt_Erfurt_13331400,(Rome_Wien,Rouen)),Wien_Lilienveld),Graz_Seckau),(Klosterneuburg_Krems,Kremsmunste_SteinbeiKrems)),Munich_Raitenbuch),Wien_Essingen);
End;
